Arguments: 
  C:\Program Files\nodejs\node.exe C:\Users\agamb\AppData\Roaming\npm\node_modules\yarn\bin\yarn.js install

PATH: 
  C:\Program Files\Google\Chrome\Application;C:\Python39\Scripts\;C:\Python39\;C:\Windows\system32;C:\Windows;C:\Windows\System32\Wbem;C:\Windows\System32\WindowsPowerShell\v1.0\;C:\Windows\System32\OpenSSH\;C:\Users\agamb\AppData\Local\Microsoft\WindowsApps;C:\adb;C:\Program Files (x86)\NVIDIA Corporation\PhysX\Common;C:\Program Files\NVIDIA Corporation\NVIDIA NvDLISR;C:\WINDOWS\system32;C:\WINDOWS;C:\WINDOWS\System32\Wbem;C:\WINDOWS\System32\WindowsPowerShell\v1.0\;C:\WINDOWS\System32\OpenSSH\;C:\Program Files\Git\cmd;C:\Program Files\nodejs\;C:\ProgramData\chocolatey\bin;C:\Users\agamb\AppData\Local\Microsoft\WindowsApps;C:\Users\agamb\AppData\Local\GitHubDesktop\bin;C:\Program Files\CodeBlocks\MinGW\bin;C:\Users\agamb\AppData\Local\Programs\Microsoft VS Code\bin;C:\Users\agamb\AppData\Roaming\npm

Yarn version: 
  1.22.10

Node version: 
  16.5.0

Platform: 
  win32 x64

Trace: 
  SyntaxError: C:\projects\visio\package.json: Unexpected string in JSON at position 942
      at JSON.parse (<anonymous>)
      at C:\Users\agamb\AppData\Roaming\npm\node_modules\yarn\lib\cli.js:1625:59
      at Generator.next (<anonymous>)
      at step (C:\Users\agamb\AppData\Roaming\npm\node_modules\yarn\lib\cli.js:310:30)
      at C:\Users\agamb\AppData\Roaming\npm\node_modules\yarn\lib\cli.js:321:13

npm manifest: 
  {
    "name": "visio",
    "title": "Visio",
    "description": "Visio menggunakan computer vision untuk membantu Anda dalam menyelesaikan berbagai kebutuhan, seperti membaca teks, mengidentifikasi objek, dan mencari barang dengan lebih mudah & efisien.",
    "version": "1.0.0",
    "main": "dist/js/uikit.js",
    "style": "dist/css/uikit.css",
    "sideEffects": [
      "*.css",
      "./src/js/*.js",
      "./dist/**/*.js"
    ],
    "scripts": {
      "build-scss": "node build/scss",
      "compile": "yarn compile-less && yarn compile-js",
      "compile-js": "node build/build",
      "compile-less": "yarn icons && node build/less",
      "compile-rtl": "yarn compile-less rtl",
      "icons": "node build/icons",
      "prefix": "node build/prefix",
      "scope": "node build/scope",
      "release": "node build/release",
      "watch": "npm-watch",
      "eslint": "eslint src/js",
      "eslint-fix": "eslint --fix src/js"
    },
    "dependencies": {
      "uikit": "^3.7.1"
      "@rollup/plugin-alias": "^3.1.2",
      "@rollup/plugin-buble": "^0.21.3",
      "@rollup/plugin-replace": "^2.3.4",
      "archiver": "5.3.0",
      "camelcase": "^6.2.0",
      "clean-css": "^5.0.1",
      "dateformat": "^4.5.1",
      "eslint": "7.28.0",
      "glob": "^7.1.6",
      "inquirer": "8.1.1",
      "less": "^2.7.2",
      "minimist": "^1.2.5",
      "npm-watch": "github:dasdeck/npm-watch#46a8a36c61cfd998ed53d27f62eaf79e11c395b4",
      "postcss": "8.3.4",
      "rollup": "^2.38.4",
      "rollup-plugin-html": "^0.2.1",
      "rtlcss": "^3.2.0",
      "semver": "^7.3.2",
      "svgo": "^1.3.2",
      "uglify-js": "^3.13.9"
    },
    "watch": {
      "compile-js": "src/js/**/*.js",
      "compile-less": {
        "patterns": "**/*.less",
        "extensions": "less"
      }
    }
  }

yarn manifest: 
  No manifest

Lockfile: 
  # THIS IS AN AUTOGENERATED FILE. DO NOT EDIT THIS FILE DIRECTLY.
  # yarn lockfile v1
  
  
  uikit@^3.7.1:
    version "3.7.1"
    resolved "https://registry.yarnpkg.com/uikit/-/uikit-3.7.1.tgz#981fe63c47ba14484f76050b5369eaf14d8d43f2"
    integrity sha512-obWmwtKY6wnvPqwAgvGmn71PpNM4wMNVzfZDTK6/fO2+NyV/+kVnAOBVgIMcC1XPRBApoFej/Q1heU3wA9lPmg==
